[debug] [2025-05-23T20:52:30.285Z] ----------------------------------------------------------------------
[debug] [2025-05-23T20:52:30.288Z] Command:       C:\Program Files\nodejs\node.exe C:\Users\rajpu\AppData\Roaming\npm\node_modules\firebase-tools\lib\bin\firebase.js init
[debug] [2025-05-23T20:52:30.288Z] CLI Version:   14.4.0
[debug] [2025-05-23T20:52:30.288Z] Platform:      win32
[debug] [2025-05-23T20:52:30.288Z] Node Version:  v22.14.0
[debug] [2025-05-23T20:52:30.289Z] Time:          Sat May 24 2025 02:22:30 GMT+0530 (India Standard Time)
[debug] [2025-05-23T20:52:30.289Z] ----------------------------------------------------------------------
[debug] 
[debug] [2025-05-23T20:52:30.294Z] > command requires scopes: ["email","openid","https://www.googleapis.com/auth/cloudplatformprojects.readonly","https://www.googleapis.com/auth/firebase","https://www.googleapis.com/auth/cloud-platform"]
[debug] [2025-05-23T20:52:30.294Z] > authorizing via signed-in user (aadigupta2946@gmail.com)
[info] 
     ######## #### ########  ######## ########     ###     ######  ########
     ##        ##  ##     ## ##       ##     ##  ##   ##  ##       ##
     ######    ##  ########  ######   ########  #########  ######  ######
     ##        ##  ##    ##  ##       ##     ## ##     ##       ## ##
     ##       #### ##     ## ######## ########  ##     ##  ######  ########

You're about to initialize a Firebase project in this directory:

  C:\Users\rajpu\Desktop\Aditya_Codab\aditya_project

[info] 
=== Project Setup
[info] 
[info] First, let's associate this project directory with a Firebase project.
[info] You can create multiple project aliases by running firebase use --add, 
[info] but for now we'll just set up a default project.
[info] 
[debug] [2025-05-23T20:52:53.338Z] Checked if tokens are valid: true, expires at: 1748036601492
[debug] [2025-05-23T20:52:53.338Z] Checked if tokens are valid: true, expires at: 1748036601492
[debug] [2025-05-23T20:52:53.339Z] >>> [apiv2][query] GET https://firebase.googleapis.com/v1beta1/projects pageSize=100
[debug] [2025-05-23T20:52:54.657Z] <<< [apiv2][status] GET https://firebase.googleapis.com/v1beta1/projects 200
[debug] [2025-05-23T20:52:54.657Z] <<< [apiv2][body] GET https://firebase.googleapis.com/v1beta1/projects [omitted]
[info] i  Using project codezy-e98c8 (codezy) 
[info] 
=== Hosting Setup
[debug] [2025-05-23T20:52:57.070Z] Checked if tokens are valid: true, expires at: 1748036601492
[debug] [2025-05-23T20:52:57.070Z] Checked if tokens are valid: true, expires at: 1748036601492
[debug] [2025-05-23T20:52:57.070Z] >>> [apiv2][query] GET https://firebase.googleapis.com/v1beta1/projects/codezy-e98c8 [none]
[debug] [2025-05-23T20:52:57.521Z] <<< [apiv2][status] GET https://firebase.googleapis.com/v1beta1/projects/codezy-e98c8 200
[debug] [2025-05-23T20:52:57.521Z] <<< [apiv2][body] GET https://firebase.googleapis.com/v1beta1/projects/codezy-e98c8 {"projectId":"codezy-e98c8","projectNumber":"449866695509","displayName":"codezy","name":"projects/codezy-e98c8","resources":{"hostingSite":"codezy-e98c8"},"state":"ACTIVE","etag":"1_49cb59df-cfff-43fe-8882-b9de86fe2411"}
[info] 
[info] Your public directory is the folder (relative to your project directory) that
[info] will contain Hosting assets to be uploaded with firebase deploy. If you
[info] have a build process for your assets, use your build's output directory.
[info] 
[debug] [2025-05-23T20:53:33.530Z] >>> [apiv2][query] GET https://www.gstatic.com/firebasejs/releases.json [none]
[debug] [2025-05-23T20:53:34.038Z] <<< [apiv2][status] GET https://www.gstatic.com/firebasejs/releases.json 200
[debug] [2025-05-23T20:53:34.039Z] <<< [apiv2][body] GET https://www.gstatic.com/firebasejs/releases.json {"current":{"version":"11.8.1","browserURL":"https://www.gstatic.com/firebasejs/11.8.1/firebase.js","packageURL":"https://www.gstatic.com/firebasejs/11.8.1/firebase.tgz"},"live":{"version":"11.8","browserURL":"https://www.gstatic.com/firebasejs/live/11.8/firebase.js","packageURL":"https://www.gstatic.com/firebasejs/live/11.8/firebase.tgz"},"components":{"ai":"https://www.gstatic.com/firebasejs/11.8.1/firebase-ai.js","analytics":"https://www.gstatic.com/firebasejs/11.8.1/firebase-analytics.js","app":"https://www.gstatic.com/firebasejs/11.8.1/firebase-app.js","app-check":"https://www.gstatic.com/firebasejs/11.8.1/firebase-app-check.js","auth":"https://www.gstatic.com/firebasejs/11.8.1/firebase-auth.js","auth/cordova":"https://www.gstatic.com/firebasejs/11.8.1/firebase-auth/cordova.js","auth/web-extension":"https://www.gstatic.com/firebasejs/11.8.1/firebase-auth/web-extension.js","functions":"https://www.gstatic.com/firebasejs/11.8.1/firebase-functions.js","firestore":"https://www.gstatic.com/firebasejs/11.8.1/firebase-firestore.js","firestore/lite":"https://www.gstatic.com/firebasejs/11.8.1/firebase-firestore/lite.js","installations":"https://www.gstatic.com/firebasejs/11.8.1/firebase-installations.js","storage":"https://www.gstatic.com/firebasejs/11.8.1/firebase-storage.js","performance":"https://www.gstatic.com/firebasejs/11.8.1/firebase-performance.js","remote-config":"https://www.gstatic.com/firebasejs/11.8.1/firebase-remote-config.js","messaging":"https://www.gstatic.com/firebasejs/11.8.1/firebase-messaging.js","messaging/sw":"https://www.gstatic.com/firebasejs/11.8.1/firebase-messaging/sw.js","database":"https://www.gstatic.com/firebasejs/11.8.1/firebase-database.js","vertexai":"https://www.gstatic.com/firebasejs/11.8.1/firebase-vertexai.js","data-connect":"https://www.gstatic.com/firebasejs/11.8.1/firebase-data-connect.js","firestore.memory":"https://www.gstatic.com/firebasejs/11.8.1/firebase-firestore.memory.js"}}
[info] +  Wrote public/index.html 
[info] 
[info] i  Didn't detect a .git folder. Assuming C:\Users\rajpu\Desktop\Aditya_Codab\aditya_project is the project root. 
[info] i  Authorizing with GitHub to upload your service account to a GitHub repository's secrets store. 
[info] 
[info] Visit this URL on this device to log in:
[info] https://github.com/login/oauth/authorize?client_id=89cf50f02ac6aaed3484&state=25893001&redirect_uri=http%3A%2F%2Flocalhost%3A9005&scope=read%3Auser%20repo%20public_repo
[info] 
[info] Waiting for authentication...
[debug] [2025-05-23T20:54:41.606Z] >>> [apiv2][query] POST https://github.com/login/oauth/access_token [none]
[debug] [2025-05-23T20:54:41.606Z] >>> [apiv2][body] POST https://github.com/login/oauth/access_token [stream]
[debug] [2025-05-23T20:54:43.247Z] <<< [apiv2][status] POST https://github.com/login/oauth/access_token 200
[debug] [2025-05-23T20:54:43.247Z] <<< [apiv2][body] POST https://github.com/login/oauth/access_token {"access_token":"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","token_type":"bearer","scope":"read:user,repo"}
[debug] [2025-05-23T20:54:43.251Z] >>> [apiv2][query] GET https://api.github.com/user [none]
[debug] [2025-05-23T20:54:43.919Z] <<< [apiv2][status] GET https://api.github.com/user 200
[debug] [2025-05-23T20:54:43.919Z] <<< [apiv2][body] GET https://api.github.com/user {"login":"AstroAadi","id":114103014,"node_id":"U_kgDOBs0S5g","avatar_url":"https://avatars.githubusercontent.com/u/114103014?v=4","gravatar_id":"","url":"https://api.github.com/users/AstroAadi","html_url":"https://github.com/AstroAadi","followers_url":"https://api.github.com/users/AstroAadi/followers","following_url":"https://api.github.com/users/AstroAadi/following{/other_user}","gists_url":"https://api.github.com/users/AstroAadi/gists{/gist_id}","starred_url":"https://api.github.com/users/AstroAadi/starred{/owner}{/repo}","subscriptions_url":"https://api.github.com/users/AstroAadi/subscriptions","organizations_url":"https://api.github.com/users/AstroAadi/orgs","repos_url":"https://api.github.com/users/AstroAadi/repos","events_url":"https://api.github.com/users/AstroAadi/events{/privacy}","received_events_url":"https://api.github.com/users/AstroAadi/received_events","type":"User","user_view_type":"private","site_admin":false,"name":"Aditya Gupta","company":null,"blog":"","location":"Lucknow, Uttar Pradesh, India","email":"adityagupta2946@gmail.com","hireable":null,"bio":"Java | Student at University of Lucknow","twitter_username":null,"notification_email":"adityagupta2946@gmail.com","public_repos":5,"public_gists":0,"followers":3,"following":2,"created_at":"2022-09-21T17:59:53Z","updated_at":"2025-04-19T10:26:08Z","private_gists":1,"total_private_repos":1,"owned_private_repos":1,"disk_usage":44450,"collaborators":0,"two_factor_authentication":false,"plan":{"name":"free","space":976562499,"collaborators":0,"private_repos":10000}}
[info] 
[info] +  Success! Logged into GitHub as AstroAadi 
[info] 
[debug] [2025-05-23T20:54:57.377Z] >>> [apiv2][query] GET https://api.github.com/repos//actions/secrets/public-key type=owner
[debug] [2025-05-23T20:54:57.894Z] <<< [apiv2][status] GET https://api.github.com/repos//actions/secrets/public-key 404
[debug] [2025-05-23T20:54:57.894Z] <<< [apiv2][body] GET https://api.github.com/repos//actions/secrets/public-key {"message":"Not Found","documentation_url":"https://docs.github.com/rest","status":"404"}
[info] 
[info] 
[error] !  The provided authorization cannot be used with this repository. If this repository is in an organization, did you remember to grant access? 
[info] 
[info] i  Action required: Visit this URL to ensure access has been granted to the appropriate organization(s) for the Firebase CLI GitHub OAuth App: 
[info] https://github.com/settings/connections/applications/89cf50f02ac6aaed3484
[info] 
[debug] [2025-05-23T20:57:14.714Z] ExitPromptError: User force closed the prompt with SIGINT
    at Interface.sigint (C:\Users\rajpu\AppData\Roaming\npm\node_modules\firebase-tools\node_modules\@inquirer\core\dist\commonjs\lib\create-prompt.js:100:37)
    at Interface.emit (node:events:518:28)
    at Interface.emit (node:domain:489:12)
    at [_ttyWrite] [as _ttyWrite] (node:internal/readline/interface:1124:18)
    at ReadStream.onkeypress (node:internal/readline/interface:263:20)
    at ReadStream.emit (node:events:530:35)
    at ReadStream.emit (node:domain:489:12)
    at emitKeys (node:internal/readline/utils:370:14)
    at emitKeys.next (<anonymous>)
    at ReadStream.onData (node:internal/readline/emitKeypressEvents:64:36)
[error] 
[error] Error: An unexpected error has occurred.
